This file contains any messages produced by compilers while
running configure, to aid debugging if configure makes a mistake.

It was created by configure, which was
generated by GNU Autoconf 2.69.  Invocation command line was

  $ ./configure 

## --------- ##
## Platform. ##
## --------- ##

hostname = WBSImagine
uname -m = x86_64
uname -r = 2.6.32-5-amd64
uname -s = Linux
uname -v = #1 SMP Sun May 6 04:00:17 UTC 2012

/usr/bin/uname -p = unknown
/bin/uname -X     = unknown

/bin/arch              = unknown
/usr/bin/arch -k       = unknown
/usr/convex/getsysinfo = unknown
/usr/bin/hostinfo      = unknown
/bin/machine           = unknown
/usr/bin/oslevel       = unknown
/bin/universe          = unknown

PATH: /usr/local/sbin
PATH: /usr/local/bin
PATH: /usr/sbin
PATH: /usr/bin
PATH: /sbin
PATH: /bin


## ----------- ##
## Core tests. ##
## ----------- ##

configure:2265: checking build system type
configure:2279: result: x86_64-unknown-linux-gnu
configure:2299: checking host system type
configure:2312: result: x86_64-unknown-linux-gnu
configure:2332: checking target system type
configure:2345: result: x86_64-unknown-linux-gnu
configure:2449: checking for gcc
configure:2465: found /usr/bin/gcc
configure:2476: result: gcc
configure:2705: checking for C compiler version
configure:2714: gcc --version >&5
gcc (Debian 4.4.5-8) 4.4.5
Copyright (C) 2010 Free Software Foundation, Inc.
This is free software; see the source for copying conditions.  There is NO
warranty; not even for MERCHANTABILITY or FITNESS FOR A PARTICULAR PURPOSE.

configure:2725: $? = 0
configure:2714: gcc -v >&5
Using built-in specs.
Target: x86_64-linux-gnu
Configured with: ../src/configure -v --with-pkgversion='Debian 4.4.5-8' --with-bugurl=file:///usr/share/doc/gcc-4.4/README.Bugs --enable-languages=c,c++,fortran,objc,obj-c++ --prefix=/usr --program-suffix=-4.4 --enable-shared --enable-multiarch --enable-linker-build-id --with-system-zlib --libexecdir=/usr/lib --without-included-gettext --enable-threads=posix --with-gxx-include-dir=/usr/include/c++/4.4 --libdir=/usr/lib --enable-nls --enable-clocale=gnu --enable-libstdcxx-debug --enable-objc-gc --with-arch-32=i586 --with-tune=generic --enable-checking=release --build=x86_64-linux-gnu --host=x86_64-linux-gnu --target=x86_64-linux-gnu
Thread model: posix
gcc version 4.4.5 (Debian 4.4.5-8) 
configure:2725: $? = 0
configure:2714: gcc -V >&5
gcc: '-V' option must have argument
configure:2725: $? = 1
configure:2714: gcc -qversion >&5
gcc: unrecognized option '-qversion'
gcc: no input files
configure:2725: $? = 1
configure:2745: checking whether the C compiler works
configure:2767: gcc -g -O2   conftest.c  >&5
configure:2771: $? = 0
configure:2819: result: yes
configure:2822: checking for C compiler default output file name
configure:2824: result: a.out
configure:2830: checking for suffix of executables
configure:2837: gcc -o conftest -g -O2   conftest.c  >&5
configure:2841: $? = 0
configure:2863: result: 
configure:2885: checking whether we are cross compiling
configure:2893: gcc -o conftest -g -O2   conftest.c  >&5
configure:2897: $? = 0
configure:2904: ./conftest
configure:2908: $? = 0
configure:2923: result: no
configure:2928: checking for suffix of object files
configure:2950: gcc -c -g -O2  conftest.c >&5
configure:2954: $? = 0
configure:2975: result: o
configure:2979: checking whether we are using the GNU C compiler
configure:2998: gcc -c -g -O2  conftest.c >&5
configure:2998: $? = 0
configure:3007: result: yes
configure:3016: checking whether gcc accepts -g
configure:3036: gcc -c -g  conftest.c >&5
configure:3036: $? = 0
configure:3077: result: yes
configure:3094: checking for gcc option to accept ISO C89
configure:3157: gcc  -c -g -O2  conftest.c >&5
configure:3157: $? = 0
configure:3170: result: none needed
configure:3190: checking for gcc option to accept ISO C99
configure:3339: gcc  -c -g -O2  conftest.c >&5
conftest.c:59: error: expected ';', ',' or ')' before 'text'
conftest.c: In function 'main':
conftest.c:113: error: expected '=', ',', ';', 'asm' or '__attribute__' before 'newvar'
conftest.c:113: error: 'newvar' undeclared (first use in this function)
conftest.c:113: error: (Each undeclared identifier is reported only once
conftest.c:113: error: for each function it appears in.)
conftest.c:123: error: 'for' loop initial declarations are only allowed in C99 mode
conftest.c:123: note: use option -std=c99 or -std=gnu99 to compile your code
configure:3339: $? = 1
configure: failed program was:
| /* confdefs.h */
| #define PACKAGE_NAME ""
| #define PACKAGE_TARNAME ""
| #define PACKAGE_VERSION ""
| #define PACKAGE_STRING ""
| #define PACKAGE_BUGREPORT ""
| #define PACKAGE_URL ""
| /* end confdefs.h.  */
| #include <stdarg.h>
| #include <stdbool.h>
| #include <stdlib.h>
| #include <wchar.h>
| #include <stdio.h>
| 
| // Check varargs macros.  These examples are taken from C99 6.10.3.5.
| #define debug(...) fprintf (stderr, __VA_ARGS__)
| #define showlist(...) puts (#__VA_ARGS__)
| #define report(test,...) ((test) ? puts (#test) : printf (__VA_ARGS__))
| static void
| test_varargs_macros (void)
| {
|   int x = 1234;
|   int y = 5678;
|   debug ("Flag");
|   debug ("X = %d\n", x);
|   showlist (The first, second, and third items.);
|   report (x>y, "x is %d but y is %d", x, y);
| }
| 
| // Check long long types.
| #define BIG64 18446744073709551615ull
| #define BIG32 4294967295ul
| #define BIG_OK (BIG64 / BIG32 == 4294967297ull && BIG64 % BIG32 == 0)
| #if !BIG_OK
|   your preprocessor is broken;
| #endif
| #if BIG_OK
| #else
|   your preprocessor is broken;
| #endif
| static long long int bignum = -9223372036854775807LL;
| static unsigned long long int ubignum = BIG64;
| 
| struct incomplete_array
| {
|   int datasize;
|   double data[];
| };
| 
| struct named_init {
|   int number;
|   const wchar_t *name;
|   double average;
| };
| 
| typedef const char *ccp;
| 
| static inline int
| test_restrict (ccp restrict text)
| {
|   // See if C++-style comments work.
|   // Iterate through items via the restricted pointer.
|   // Also check for declarations in for loops.
|   for (unsigned int i = 0; *(text+i) != '\0'; ++i)
|     continue;
|   return 0;
| }
| 
| // Check varargs and va_copy.
| static void
| test_varargs (const char *format, ...)
| {
|   va_list args;
|   va_start (args, format);
|   va_list args_copy;
|   va_copy (args_copy, args);
| 
|   const char *str;
|   int number;
|   float fnumber;
| 
|   while (*format)
|     {
|       switch (*format++)
| 	{
| 	case 's': // string
| 	  str = va_arg (args_copy, const char *);
| 	  break;
| 	case 'd': // int
| 	  number = va_arg (args_copy, int);
| 	  break;
| 	case 'f': // float
| 	  fnumber = va_arg (args_copy, double);
| 	  break;
| 	default:
| 	  break;
| 	}
|     }
|   va_end (args_copy);
|   va_end (args);
| }
| 
| int
| main ()
| {
| 
|   // Check bool.
|   _Bool success = false;
| 
|   // Check restrict.
|   if (test_restrict ("String literal") == 0)
|     success = true;
|   char *restrict newvar = "Another string";
| 
|   // Check varargs.
|   test_varargs ("s, d' f .", "string", 65, 34.234);
|   test_varargs_macros ();
| 
|   // Check flexible array members.
|   struct incomplete_array *ia =
|     malloc (sizeof (struct incomplete_array) + (sizeof (double) * 10));
|   ia->datasize = 10;
|   for (int i = 0; i < ia->datasize; ++i)
|     ia->data[i] = i * 1.234;
| 
|   // Check named initializers.
|   struct named_init ni = {
|     .number = 34,
|     .name = L"Test wide string",
|     .average = 543.34343,
|   };
| 
|   ni.number = 58;
| 
|   int dynamic_array[ni.number];
|   dynamic_array[ni.number - 1] = 543;
| 
|   // work around unused variable warnings
|   return (!success || bignum == 0LL || ubignum == 0uLL || newvar[0] == 'x'
| 	  || dynamic_array[ni.number - 1] != 543);
| 
|   ;
|   return 0;
| }
configure:3339: gcc -std=gnu99 -c -g -O2  conftest.c >&5
configure:3339: $? = 0
configure:3359: result: -std=gnu99
configure:3479: checking for C compiler version
configure:3488: gcc -std=gnu99 --version >&5
gcc (Debian 4.4.5-8) 4.4.5
Copyright (C) 2010 Free Software Foundation, Inc.
This is free software; see the source for copying conditions.  There is NO
warranty; not even for MERCHANTABILITY or FITNESS FOR A PARTICULAR PURPOSE.

configure:3499: $? = 0
configure:3488: gcc -std=gnu99 -v >&5
Using built-in specs.
Target: x86_64-linux-gnu
Configured with: ../src/configure -v --with-pkgversion='Debian 4.4.5-8' --with-bugurl=file:///usr/share/doc/gcc-4.4/README.Bugs --enable-languages=c,c++,fortran,objc,obj-c++ --prefix=/usr --program-suffix=-4.4 --enable-shared --enable-multiarch --enable-linker-build-id --with-system-zlib --libexecdir=/usr/lib --without-included-gettext --enable-threads=posix --with-gxx-include-dir=/usr/include/c++/4.4 --libdir=/usr/lib --enable-nls --enable-clocale=gnu --enable-libstdcxx-debug --enable-objc-gc --with-arch-32=i586 --with-tune=generic --enable-checking=release --build=x86_64-linux-gnu --host=x86_64-linux-gnu --target=x86_64-linux-gnu
Thread model: posix
gcc version 4.4.5 (Debian 4.4.5-8) 
configure:3499: $? = 0
configure:3488: gcc -std=gnu99 -V >&5
gcc: '-V' must come at the start of the command line
configure:3499: $? = 1
configure:3488: gcc -std=gnu99 -qversion >&5
gcc: unrecognized option '-qversion'
gcc: no input files
configure:3499: $? = 1
configure:3503: checking whether we are using the GNU C compiler
configure:3531: result: yes
configure:3540: checking whether gcc -std=gnu99 accepts -g
configure:3601: result: yes
configure:3618: checking for gcc -std=gnu99 option to accept ISO C89
configure:3694: result: none needed
configure:3715: checking for C/C++ restrict keyword
configure:3740: gcc -std=gnu99 -c -g -O2  conftest.c >&5
configure:3740: $? = 0
configure:3748: result: __restrict
configure:3761: checking for inline
configure:3777: gcc -std=gnu99 -c -g -O2  conftest.c >&5
configure:3777: $? = 0
configure:3785: result: inline
configure:3940: checking for a BSD-compatible install
configure:4008: result: /usr/bin/install -c
configure:4021: checking for rm
configure:4039: found /bin/rm
configure:4051: result: /bin/rm
configure:4061: checking for mt
configure:4079: found /bin/mt
configure:4093: result: /bin/mt
configure:4101: checking return type of signal handlers
configure:4119: gcc -std=gnu99 -c -g -O2  conftest.c >&5
conftest.c: In function 'main':
conftest.c:16: error: void value not ignored as it ought to be
configure:4119: $? = 1
configure: failed program was:
| /* confdefs.h */
| #define PACKAGE_NAME ""
| #define PACKAGE_TARNAME ""
| #define PACKAGE_VERSION ""
| #define PACKAGE_STRING ""
| #define PACKAGE_BUGREPORT ""
| #define PACKAGE_URL ""
| #define restrict __restrict
| /* end confdefs.h.  */
| #include <sys/types.h>
| #include <signal.h>
| 
| int
| main ()
| {
| return *(signal (0, 0)) (0) == 1;
|   ;
|   return 0;
| }
configure:4126: result: void
configure:4141: checking for special C compiler options needed for large files
configure:4186: result: no
configure:4192: checking for _FILE_OFFSET_BITS value needed for large files
configure:4217: gcc -std=gnu99 -c -g -O2  conftest.c >&5
configure:4217: $? = 0
configure:4249: result: no
configure:4339: checking how to run the C preprocessor
configure:4370: gcc -std=gnu99 -E  conftest.c
configure:4370: $? = 0
configure:4384: gcc -std=gnu99 -E  conftest.c
conftest.c:11:28: error: ac_nonexistent.h: No such file or directory
configure:4384: $? = 1
configure: failed program was:
| /* confdefs.h */
| #define PACKAGE_NAME ""
| #define PACKAGE_TARNAME ""
| #define PACKAGE_VERSION ""
| #define PACKAGE_STRING ""
| #define PACKAGE_BUGREPORT ""
| #define PACKAGE_URL ""
| #define restrict __restrict
| #define RETSIGTYPE void
| /* end confdefs.h.  */
| #include <ac_nonexistent.h>
configure:4409: result: gcc -std=gnu99 -E
configure:4429: gcc -std=gnu99 -E  conftest.c
configure:4429: $? = 0
configure:4443: gcc -std=gnu99 -E  conftest.c
conftest.c:11:28: error: ac_nonexistent.h: No such file or directory
configure:4443: $? = 1
configure: failed program was:
| /* confdefs.h */
| #define PACKAGE_NAME ""
| #define PACKAGE_TARNAME ""
| #define PACKAGE_VERSION ""
| #define PACKAGE_STRING ""
| #define PACKAGE_BUGREPORT ""
| #define PACKAGE_URL ""
| #define restrict __restrict
| #define RETSIGTYPE void
| /* end confdefs.h.  */
| #include <ac_nonexistent.h>
configure:4472: checking for grep that handles long lines and -e
configure:4530: result: /bin/grep
configure:4535: checking for egrep
configure:4597: result: /bin/grep -E
configure:4602: checking for ANSI C header files
configure:4622: gcc -std=gnu99 -c -g -O2  conftest.c >&5
configure:4622: $? = 0
configure:4695: gcc -std=gnu99 -o conftest -g -O2   conftest.c  >&5
configure:4695: $? = 0
configure:4695: ./conftest
configure:4695: $? = 0
configure:4706: result: yes
configure:4719: checking for sys/types.h
configure:4719: gcc -std=gnu99 -c -g -O2  conftest.c >&5
configure:4719: $? = 0
configure:4719: result: yes
configure:4719: checking for sys/stat.h
configure:4719: gcc -std=gnu99 -c -g -O2  conftest.c >&5
configure:4719: $? = 0
configure:4719: result: yes
configure:4719: checking for stdlib.h
configure:4719: gcc -std=gnu99 -c -g -O2  conftest.c >&5
configure:4719: $? = 0
configure:4719: result: yes
configure:4719: checking for string.h
configure:4719: gcc -std=gnu99 -c -g -O2  conftest.c >&5
configure:4719: $? = 0
configure:4719: result: yes
configure:4719: checking for memory.h
configure:4719: gcc -std=gnu99 -c -g -O2  conftest.c >&5
configure:4719: $? = 0
configure:4719: result: yes
configure:4719: checking for strings.h
configure:4719: gcc -std=gnu99 -c -g -O2  conftest.c >&5
configure:4719: $? = 0
configure:4719: result: yes
configure:4719: checking for inttypes.h
configure:4719: gcc -std=gnu99 -c -g -O2  conftest.c >&5
configure:4719: $? = 0
configure:4719: result: yes
configure:4719: checking for stdint.h
configure:4719: gcc -std=gnu99 -c -g -O2  conftest.c >&5
configure:4719: $? = 0
configure:4719: result: yes
configure:4719: checking for unistd.h
configure:4719: gcc -std=gnu99 -c -g -O2  conftest.c >&5
configure:4719: $? = 0
configure:4719: result: yes
configure:4731: checking for struct stat.st_blksize
configure:4731: gcc -std=gnu99 -c -g -O2  conftest.c >&5
configure:4731: $? = 0
configure:4731: result: yes
configure:4746: checking whether to enable assertions
configure:4764: result: yes
configure:4767: checking for pthread_mutex_init in -lpthread
configure:4792: gcc -std=gnu99 -o conftest -g -O2   conftest.c -lpthread   >&5
configure:4792: $? = 0
configure:4801: result: yes
configure:4812: checking for library containing clock_gettime
configure:4843: gcc -std=gnu99 -o conftest -g -O2   conftest.c -lpthread  >&5
/tmp/ccAqDLtf.o: In function `main':
/opt/git-clone/wbsairback/packages/wbsairback-mbuffer/wbsairback-mbuffer-1.0.0/conftest.c:35: undefined reference to `clock_gettime'
collect2: ld returned 1 exit status
configure:4843: $? = 1
configure: failed program was:
| /* confdefs.h */
| #define PACKAGE_NAME ""
| #define PACKAGE_TARNAME ""
| #define PACKAGE_VERSION ""
| #define PACKAGE_STRING ""
| #define PACKAGE_BUGREPORT ""
| #define PACKAGE_URL ""
| #define restrict __restrict
| #define RETSIGTYPE void
| #define STDC_HEADERS 1
| #define HAVE_SYS_TYPES_H 1
| #define HAVE_SYS_STAT_H 1
| #define HAVE_STDLIB_H 1
| #define HAVE_STRING_H 1
| #define HAVE_MEMORY_H 1
| #define HAVE_STRINGS_H 1
| #define HAVE_INTTYPES_H 1
| #define HAVE_STDINT_H 1
| #define HAVE_UNISTD_H 1
| #define HAVE_STRUCT_STAT_ST_BLKSIZE 1
| #define HAVE_ST_BLKSIZE 1
| #define HAVE_LIBPTHREAD 1
| /* end confdefs.h.  */
| 
| /* Override any GCC internal prototype to avoid an error.
|    Use char because int might match the return type of a GCC
|    builtin and then its argument prototype would still apply.  */
| #ifdef __cplusplus
| extern "C"
| #endif
| char clock_gettime ();
| int
| main ()
| {
| return clock_gettime ();
|   ;
|   return 0;
| }
configure:4843: gcc -std=gnu99 -o conftest -g -O2   conftest.c -lrt  -lpthread  >&5
configure:4843: $? = 0
configure:4860: result: -lrt
configure:4870: checking for library containing sem_init
configure:4901: gcc -std=gnu99 -o conftest -g -O2   conftest.c -lrt -lpthread  >&5
configure:4901: $? = 0
configure:4918: result: none required
configure:4928: checking for library containing rint
configure:4959: gcc -std=gnu99 -o conftest -g -O2   conftest.c -lrt -lpthread  >&5
conftest.c:31: warning: conflicting types for built-in function 'rint'
/tmp/ccTporDF.o: In function `main':
/opt/git-clone/wbsairback/packages/wbsairback-mbuffer/wbsairback-mbuffer-1.0.0/conftest.c:35: undefined reference to `rint'
collect2: ld returned 1 exit status
configure:4959: $? = 1
configure: failed program was:
| /* confdefs.h */
| #define PACKAGE_NAME ""
| #define PACKAGE_TARNAME ""
| #define PACKAGE_VERSION ""
| #define PACKAGE_STRING ""
| #define PACKAGE_BUGREPORT ""
| #define PACKAGE_URL ""
| #define restrict __restrict
| #define RETSIGTYPE void
| #define STDC_HEADERS 1
| #define HAVE_SYS_TYPES_H 1
| #define HAVE_SYS_STAT_H 1
| #define HAVE_STDLIB_H 1
| #define HAVE_STRING_H 1
| #define HAVE_MEMORY_H 1
| #define HAVE_STRINGS_H 1
| #define HAVE_INTTYPES_H 1
| #define HAVE_STDINT_H 1
| #define HAVE_UNISTD_H 1
| #define HAVE_STRUCT_STAT_ST_BLKSIZE 1
| #define HAVE_ST_BLKSIZE 1
| #define HAVE_LIBPTHREAD 1
| /* end confdefs.h.  */
| 
| /* Override any GCC internal prototype to avoid an error.
|    Use char because int might match the return type of a GCC
|    builtin and then its argument prototype would still apply.  */
| #ifdef __cplusplus
| extern "C"
| #endif
| char rint ();
| int
| main ()
| {
| return rint ();
|   ;
|   return 0;
| }
configure:4959: gcc -std=gnu99 -o conftest -g -O2   conftest.c -lm  -lrt -lpthread  >&5
conftest.c:31: warning: conflicting types for built-in function 'rint'
configure:4959: $? = 0
configure:4976: result: -lm
configure:4986: checking for library containing seteuid
configure:5017: gcc -std=gnu99 -o conftest -g -O2   conftest.c -lm -lrt -lpthread  >&5
configure:5017: $? = 0
configure:5034: result: none required
configure:5043: checking for library containing atoll
configure:5074: gcc -std=gnu99 -o conftest -g -O2   conftest.c -lm -lrt -lpthread  >&5
configure:5074: $? = 0
configure:5091: result: none required
configure:5104: checking for library containing hstrerror
configure:5135: gcc -std=gnu99 -o conftest -g -O2   conftest.c -lm -lrt -lpthread  >&5
configure:5135: $? = 0
configure:5152: result: none required
configure:5161: checking for library containing getaddrinfo
configure:5192: gcc -std=gnu99 -o conftest -g -O2   conftest.c -lm -lrt -lpthread  >&5
configure:5192: $? = 0
configure:5209: result: none required
configure:5218: checking for library containing socket
configure:5249: gcc -std=gnu99 -o conftest -g -O2   conftest.c -lm -lrt -lpthread  >&5
configure:5249: $? = 0
configure:5266: result: none required
configure:5276: checking for library containing gethostbyname
configure:5307: gcc -std=gnu99 -o conftest -g -O2   conftest.c -lm -lrt -lpthread  >&5
configure:5307: $? = 0
configure:5324: result: none required
configure:5334: checking for library containing sendfile
configure:5365: gcc -std=gnu99 -o conftest -g -O2   conftest.c -lm -lrt -lpthread  >&5
configure:5365: $? = 0
configure:5382: result: none required
configure:5392: checking sys/sendfile.h usability
configure:5392: gcc -std=gnu99 -c -g -O2  conftest.c >&5
configure:5392: $? = 0
configure:5392: result: yes
configure:5392: checking sys/sendfile.h presence
configure:5392: gcc -std=gnu99 -E  conftest.c
configure:5392: $? = 0
configure:5392: result: yes
configure:5392: checking for sys/sendfile.h
configure:5392: result: yes
configure:5400: checking for size_t
configure:5400: gcc -std=gnu99 -c -g -O2  conftest.c >&5
configure:5400: $? = 0
configure:5400: gcc -std=gnu99 -c -g -O2  conftest.c >&5
conftest.c: In function 'main':
conftest.c:65: error: expected expression before ')' token
configure:5400: $? = 1
configure: failed program was:
| /* confdefs.h */
| #define PACKAGE_NAME ""
| #define PACKAGE_TARNAME ""
| #define PACKAGE_VERSION ""
| #define PACKAGE_STRING ""
| #define PACKAGE_BUGREPORT ""
| #define PACKAGE_URL ""
| #define restrict __restrict
| #define RETSIGTYPE void
| #define STDC_HEADERS 1
| #define HAVE_SYS_TYPES_H 1
| #define HAVE_SYS_STAT_H 1
| #define HAVE_STDLIB_H 1
| #define HAVE_STRING_H 1
| #define HAVE_MEMORY_H 1
| #define HAVE_STRINGS_H 1
| #define HAVE_INTTYPES_H 1
| #define HAVE_STDINT_H 1
| #define HAVE_UNISTD_H 1
| #define HAVE_STRUCT_STAT_ST_BLKSIZE 1
| #define HAVE_ST_BLKSIZE 1
| #define HAVE_LIBPTHREAD 1
| #define HAVE_SETEUID 1
| #define HAVE_HSTRERROR 1
| #define HAVE_GETADDRINFO 1
| #define HAVE_SENDFILE 1
| #define HAVE_SENDFILE_H 1
| /* end confdefs.h.  */
| #include <stdio.h>
| #ifdef HAVE_SYS_TYPES_H
| # include <sys/types.h>
| #endif
| #ifdef HAVE_SYS_STAT_H
| # include <sys/stat.h>
| #endif
| #ifdef STDC_HEADERS
| # include <stdlib.h>
| # include <stddef.h>
| #else
| # ifdef HAVE_STDLIB_H
| #  include <stdlib.h>
| # endif
| #endif
| #ifdef HAVE_STRING_H
| # if !defined STDC_HEADERS && defined HAVE_MEMORY_H
| #  include <memory.h>
| # endif
| # include <string.h>
| #endif
| #ifdef HAVE_STRINGS_H
| # include <strings.h>
| #endif
| #ifdef HAVE_INTTYPES_H
| # include <inttypes.h>
| #endif
| #ifdef HAVE_STDINT_H
| # include <stdint.h>
| #endif
| #ifdef HAVE_UNISTD_H
| # include <unistd.h>
| #endif
| int
| main ()
| {
| if (sizeof ((size_t)))
| 	    return 0;
|   ;
|   return 0;
| }
configure:5400: result: yes
configure:5413: checking for working alloca.h
configure:5430: gcc -std=gnu99 -o conftest -g -O2   conftest.c -lm -lrt -lpthread  >&5
configure:5430: $? = 0
configure:5438: result: yes
configure:5446: checking for alloca
configure:5483: gcc -std=gnu99 -o conftest -g -O2   conftest.c -lm -lrt -lpthread  >&5
configure:5483: $? = 0
configure:5491: result: yes
configure:5623: checking for library containing mhash_init
configure:5654: gcc -std=gnu99 -o conftest -g -O2   conftest.c -lm -lrt -lpthread  >&5
/tmp/ccxqisnc.o: In function `main':
/opt/git-clone/wbsairback/packages/wbsairback-mbuffer/wbsairback-mbuffer-1.0.0/conftest.c:43: undefined reference to `mhash_init'
collect2: ld returned 1 exit status
configure:5654: $? = 1
configure: failed program was:
| /* confdefs.h */
| #define PACKAGE_NAME ""
| #define PACKAGE_TARNAME ""
| #define PACKAGE_VERSION ""
| #define PACKAGE_STRING ""
| #define PACKAGE_BUGREPORT ""
| #define PACKAGE_URL ""
| #define restrict __restrict
| #define RETSIGTYPE void
| #define STDC_HEADERS 1
| #define HAVE_SYS_TYPES_H 1
| #define HAVE_SYS_STAT_H 1
| #define HAVE_STDLIB_H 1
| #define HAVE_STRING_H 1
| #define HAVE_MEMORY_H 1
| #define HAVE_STRINGS_H 1
| #define HAVE_INTTYPES_H 1
| #define HAVE_STDINT_H 1
| #define HAVE_UNISTD_H 1
| #define HAVE_STRUCT_STAT_ST_BLKSIZE 1
| #define HAVE_ST_BLKSIZE 1
| #define HAVE_LIBPTHREAD 1
| #define HAVE_SETEUID 1
| #define HAVE_HSTRERROR 1
| #define HAVE_GETADDRINFO 1
| #define HAVE_SENDFILE 1
| #define HAVE_SENDFILE_H 1
| #define HAVE_ALLOCA_H 1
| #define HAVE_ALLOCA 1
| #define DEBUG 1
| /* end confdefs.h.  */
| 
| /* Override any GCC internal prototype to avoid an error.
|    Use char because int might match the return type of a GCC
|    builtin and then its argument prototype would still apply.  */
| #ifdef __cplusplus
| extern "C"
| #endif
| char mhash_init ();
| int
| main ()
| {
| return mhash_init ();
|   ;
|   return 0;
| }
configure:5654: gcc -std=gnu99 -o conftest -g -O2   conftest.c -lmhash  -lm -lrt -lpthread  >&5
configure:5654: $? = 0
configure:5671: result: -lmhash
configure:5945: creating ./config.status

## ---------------------- ##
## Running config.status. ##
## ---------------------- ##

This file was extended by config.status, which was
generated by GNU Autoconf 2.69.  Invocation command line was

  CONFIG_FILES    = 
  CONFIG_HEADERS  = 
  CONFIG_LINKS    = 
  CONFIG_COMMANDS = 
  $ ./config.status 

on WBSImagine

config.status:838: creating Makefile
config.status:838: creating mbuffer.1
config.status:838: creating config.h
config.status:1013: config.h is unchanged

## ---------------- ##
## Cache variables. ##
## ---------------- ##

ac_cv_build=x86_64-unknown-linux-gnu
ac_cv_c_compiler_gnu=yes
ac_cv_c_inline=inline
ac_cv_c_restrict=__restrict
ac_cv_env_CC_set=
ac_cv_env_CC_value=
ac_cv_env_CFLAGS_set=set
ac_cv_env_CFLAGS_value='-g -O2'
ac_cv_env_CPPFLAGS_set=set
ac_cv_env_CPPFLAGS_value=
ac_cv_env_CPP_set=
ac_cv_env_CPP_value=
ac_cv_env_LDFLAGS_set=set
ac_cv_env_LDFLAGS_value=
ac_cv_env_LIBS_set=
ac_cv_env_LIBS_value=
ac_cv_env_build_alias_set=
ac_cv_env_build_alias_value=
ac_cv_env_host_alias_set=
ac_cv_env_host_alias_value=
ac_cv_env_target_alias_set=
ac_cv_env_target_alias_value=
ac_cv_func_alloca_works=yes
ac_cv_header_inttypes_h=yes
ac_cv_header_memory_h=yes
ac_cv_header_stdc=yes
ac_cv_header_stdint_h=yes
ac_cv_header_stdlib_h=yes
ac_cv_header_string_h=yes
ac_cv_header_strings_h=yes
ac_cv_header_sys_sendfile_h=yes
ac_cv_header_sys_stat_h=yes
ac_cv_header_sys_types_h=yes
ac_cv_header_unistd_h=yes
ac_cv_host=x86_64-unknown-linux-gnu
ac_cv_lib_pthread_pthread_mutex_init=yes
ac_cv_member_struct_stat_st_blksize=yes
ac_cv_objext=o
ac_cv_path_EGREP='/bin/grep -E'
ac_cv_path_GREP=/bin/grep
ac_cv_path_MT=/bin/mt
ac_cv_path_RM=/bin/rm
ac_cv_path_install='/usr/bin/install -c'
ac_cv_prog_CPP='gcc -std=gnu99 -E'
ac_cv_prog_ac_ct_CC=gcc
ac_cv_prog_cc_c89=
ac_cv_prog_cc_c99=-std=gnu99
ac_cv_prog_cc_g=yes
ac_cv_search_atoll='none required'
ac_cv_search_clock_gettime=-lrt
ac_cv_search_getaddrinfo='none required'
ac_cv_search_gethostbyname='none required'
ac_cv_search_hstrerror='none required'
ac_cv_search_mhash_init=-lmhash
ac_cv_search_rint=-lm
ac_cv_search_sem_init='none required'
ac_cv_search_sendfile='none required'
ac_cv_search_seteuid='none required'
ac_cv_search_socket='none required'
ac_cv_sys_file_offset_bits=no
ac_cv_sys_largefile_CC=no
ac_cv_target=x86_64-unknown-linux-gnu
ac_cv_type_signal=void
ac_cv_type_size_t=yes
ac_cv_working_alloca_h=yes

## ----------------- ##
## Output variables. ##
## ----------------- ##

ALLOCA=''
AUTOCONF=''
CC='gcc -std=gnu99'
CFLAGS='-g -O2'
CPP='gcc -std=gnu99 -E'
CPPFLAGS=''
DEBUG=''
DEFS='-DHAVE_CONFIG_H'
ECHO_C=''
ECHO_N='-n'
ECHO_T=''
EGREP='/bin/grep -E'
EXEEXT=''
GREP='/bin/grep'
INSTALL_DATA='${INSTALL} -m 644'
INSTALL_PROGRAM='${INSTALL}'
INSTALL_SCRIPT='${INSTALL}'
LDFLAGS=''
LIBOBJS=''
LIBS='-lmhash -lm -lrt -lpthread '
LTLIBOBJS=''
MT='/bin/mt'
OBJEXT='o'
PACKAGE='mbuffer'
PACKAGE_BUGREPORT=''
PACKAGE_NAME=''
PACKAGE_STRING=''
PACKAGE_TARNAME=''
PACKAGE_URL=''
PACKAGE_VERSION=''
PATH_SEPARATOR=':'
RM='/bin/rm'
SHELL='/bin/bash'
VERSION='20130220'
ac_ct_CC='gcc'
bindir='${exec_prefix}/bin'
build='x86_64-unknown-linux-gnu'
build_alias=''
build_cpu='x86_64'
build_os='linux-gnu'
build_vendor='unknown'
datadir='${datarootdir}'
datarootdir='${prefix}/share'
docdir='${datarootdir}/doc/${PACKAGE}'
dvidir='${docdir}'
exec_prefix='/usr/local'
host='x86_64-unknown-linux-gnu'
host_alias=''
host_cpu='x86_64'
host_os='linux-gnu'
host_vendor='unknown'
htmldir='${docdir}'
includedir='${prefix}/include'
infodir='${datarootdir}/info'
libdir='${exec_prefix}/lib'
libexecdir='${exec_prefix}/libexec'
localedir='${datarootdir}/locale'
localstatedir='${prefix}/var'
mandir='${datarootdir}/man'
oldincludedir='/usr/include'
pdfdir='${docdir}'
prefix='/usr/local'
program_transform_name='s,x,x,'
psdir='${docdir}'
sbindir='${exec_prefix}/sbin'
sharedstatedir='${prefix}/com'
sysconfdir='${prefix}/etc'
target='x86_64-unknown-linux-gnu'
target_alias=''
target_cpu='x86_64'
target_os='linux-gnu'
target_vendor='unknown'

## ----------- ##
## confdefs.h. ##
## ----------- ##

/* confdefs.h */
#define PACKAGE_NAME ""
#define PACKAGE_TARNAME ""
#define PACKAGE_VERSION ""
#define PACKAGE_STRING ""
#define PACKAGE_BUGREPORT ""
#define PACKAGE_URL ""
#define restrict __restrict
#define RETSIGTYPE void
#define STDC_HEADERS 1
#define HAVE_SYS_TYPES_H 1
#define HAVE_SYS_STAT_H 1
#define HAVE_STDLIB_H 1
#define HAVE_STRING_H 1
#define HAVE_MEMORY_H 1
#define HAVE_STRINGS_H 1
#define HAVE_INTTYPES_H 1
#define HAVE_STDINT_H 1
#define HAVE_UNISTD_H 1
#define HAVE_STRUCT_STAT_ST_BLKSIZE 1
#define HAVE_ST_BLKSIZE 1
#define HAVE_LIBPTHREAD 1
#define HAVE_SETEUID 1
#define HAVE_HSTRERROR 1
#define HAVE_GETADDRINFO 1
#define HAVE_SENDFILE 1
#define HAVE_SENDFILE_H 1
#define HAVE_ALLOCA_H 1
#define HAVE_ALLOCA 1
#define DEBUG 1
#define HAVE_LIBMHASH 1
#define PACKAGE "mbuffer"
#define VERSION "20130220"
#define _REENTRANT 1

configure: exit 0
